<?xml version="1.0" encoding="UTF-8"?>
<!-- Generated by org.testng.reporters.JUnitXMLReporter -->
<testsuite hostname="02HW020869" name="Test A2" tests="3" failures="1" timestamp="20 Jan 2017 07:12:41 GMT" time="0.005" errors="0">
  <testcase name="testA2_1" time="0.0" classname="testSuiteA.TestA2"/>
  <testcase name="testA2_2" time="0.0" classname="testSuiteA.TestA2">
    <failure type="java.lang.AssertionError" message="failed test case ">
      <![CDATA[java.lang.AssertionError: failed test case 
	at testSuiteA.TestA2.testA2_2(TestA2.java:16)
... Removed 25 stack frames]]>
    </failure>
  </testcase> <!-- testA2_2 -->
  <testcase name="testA2_3" time="0.0" classname="testSuiteA.TestA2"/>
</testsuite> <!-- Test A2 -->
