<?xml version="1.0" encoding="UTF-8"?>
<!-- Generated by org.testng.reporters.JUnitXMLReporter -->
<testsuite hostname="02HW020869" name="Test B2" tests="3" failures="1" timestamp="20 Jan 2017 07:12:41 GMT" time="0.001" errors="0">
  <testcase name="testB2_1" time="0.0" classname="testSuiteB.TestB2"/>
  <testcase name="testB2_2" time="0.001" classname="testSuiteB.TestB2">
    <failure type="java.lang.AssertionError" message="failed test case ">
      <![CDATA[java.lang.AssertionError: failed test case 
	at testSuiteB.TestB2.testB2_2(TestB2.java:16)
... Removed 25 stack frames]]>
    </failure>
  </testcase> <!-- testB2_2 -->
  <testcase name="testB2_3" time="0.0" classname="testSuiteB.TestB2"/>
</testsuite> <!-- Test B2 -->
